<?xml version="1.0" encoding="UTF-8"?>
<!-- Generated by org.testng.reporters.JUnitReportReporter -->
<testsuite skipped="1" hostname="DESKTOP-FUD79OP" name="AutomationLab.Naveen.TestngAnnotations" tests="4" failures="0" timestamp="30 Sep 2020 07:07:21 GMT" time="0.014" errors="0">
  <testcase name="homePageAdvSearchTest" time="0.009" classname="AutomationLab.Naveen.TestngAnnotations"/>
  <testcase name="homePageTitleTest" time="0.003" classname="AutomationLab.Naveen.TestngAnnotations"/>
  <testcase name="homePageProfileTest" time="0.002" classname="AutomationLab.Naveen.TestngAnnotations"/>
  <testcase name="homePageSearchTest" classname="AutomationLab.Naveen.TestngAnnotations">
    <skipped/>
  </testcase> <!-- homePageSearchTest -->
</testsuite> <!-- AutomationLab.Naveen.TestngAnnotations -->
