<?xml version="1.0" encoding="UTF-8"?>
<!-- Generated by org.testng.reporters.JUnitReportReporter -->
<testsuite skipped="0" hostname="DESKTOP-FUD79OP" name="AutomationLab.Naveen.BookStoreTest" tests="1" failures="0" timestamp="02 Oct 2020 16:14:55 GMT" time="30.341" errors="0">
  <testcase name="TitleTest" time="30.341" classname="AutomationLab.Naveen.BookStoreTest"/>
</testsuite> <!-- AutomationLab.Naveen.BookStoreTest -->
